

*******************************************************************************
Mon Mar  1 22:47:17 2021


FIT:    data read from "3734.csv" u (log($4)):(log($5))
        format = x:z
        x range restricted to [7.00000 : 15.0000]
        #datapoints = 999
        residuals are weighted equally (unit weight)

function used for fitting: f(x)
	f(x) = a*x+b
fitted parameters initialized with current variable values

iter      chisq       delta/lim  lambda   a             b            
   0 2.4181258738e+05   0.00e+00  9.61e+00    1.000000e+00   1.000000e+00
   4 6.8949383940e+01  -1.16e-03  9.61e-04   -2.662721e-02  -6.511653e-01

After 4 iterations the fit converged.
final sum of squares of residuals : 68.9494
rel. change during last iteration : -1.15656e-08

degrees of freedom    (FIT_NDF)                        : 997
rms of residuals      (FIT_STDFIT) = sqrt(WSSR/ndf)    : 0.262977
variance of residuals (reduced chisquare) = WSSR/ndf   : 0.0691569

Final set of parameters            Asymptotic Standard Error
=======================            ==========================
a               = -0.0266272       +/- 0.008447     (31.72%)
b               = -0.651165        +/- 0.1144       (17.58%)

correlation matrix of the fit parameters:
                a      b      
a               1.000 
b              -0.997  1.000 


*******************************************************************************
Tue Mar  2 15:32:04 2021


FIT:    data read from "3735.csv" u (log($4)):(log($5))
        format = x:z
        x range restricted to [7.00000 : 15.0000]
        #datapoints = 999
        residuals are weighted equally (unit weight)

function used for fitting: f(x)
	f(x) = a*x+b
fitted parameters initialized with current variable values

iter      chisq       delta/lim  lambda   a             b            
   0 2.4301867860e+05   0.00e+00  9.61e+00    1.000000e+00   1.000000e+00
   4 1.0055355982e+02  -1.91e-03  9.61e-04    3.424335e-02  -1.515253e+00

After 4 iterations the fit converged.
final sum of squares of residuals : 100.554
rel. change during last iteration : -1.90842e-08

degrees of freedom    (FIT_NDF)                        : 997
rms of residuals      (FIT_STDFIT) = sqrt(WSSR/ndf)    : 0.317579
variance of residuals (reduced chisquare) = WSSR/ndf   : 0.100856

Final set of parameters            Asymptotic Standard Error
=======================            ==========================
a               = 0.0342433        +/- 0.0102       (29.79%)
b               = -1.51525         +/- 0.1382       (9.121%)

correlation matrix of the fit parameters:
                a      b      
a               1.000 
b              -0.997  1.000 
