

*******************************************************************************
Sat Mar 13 11:39:38 2021


FIT:    data read from '37365.csv' u (log($4)):(log($5))
        format = x:z
        #datapoints = 9999
        residuals are weighted equally (unit weight)

function used for fitting: f(x)
	f(x) = a*x+b
BREAK: Need via and either parameter list or file

*******************************************************************************
Sat Mar 13 11:39:43 2021


FIT:    data read from '37365.csv' u (log($4)):(log($5))
        format = x:z
        #datapoints = 9999
        residuals are weighted equally (unit weight)

function used for fitting: f(x)
	f(x) = a*x+b
fitted parameters initialized with current variable values

iter      chisq       delta/lim  lambda   a             b            
   0 2.9864466314e+06   0.00e+00  1.07e+01    1.000000e+00   1.000000e+00
   4 4.7756161244e+02  -1.09e-06  1.07e-03    7.449240e-03  -1.246510e+00

After 4 iterations the fit converged.
final sum of squares of residuals : 477.562
rel. change during last iteration : -1.09467e-11

degrees of freedom    (FIT_NDF)                        : 9997
rms of residuals      (FIT_STDFIT) = sqrt(WSSR/ndf)    : 0.218565
variance of residuals (reduced chisquare) = WSSR/ndf   : 0.0477705

Final set of parameters            Asymptotic Standard Error
=======================            ==========================
a               = 0.00744924       +/- 0.002191     (29.42%)
b               = -1.24651         +/- 0.0332       (2.664%)

correlation matrix of the fit parameters:
                a      b      
a               1.000 
b              -0.998  1.000 


*******************************************************************************
Sat Mar 13 11:40:57 2021


FIT:    data read from 'A37375csv' u (log($4)):(log($5))
        format = x:z
        #datapoints = 9999
        residuals are weighted equally (unit weight)

function used for fitting: f(x)
	f(x) = a*x+b
fitted parameters initialized with current variable values

iter      chisq       delta/lim  lambda   a             b            
   0 4.8573293088e+02   0.00e+00  8.85e-01    7.449240e-03  -1.246510e+00
   3 4.7238115842e+02  -3.29e-02  8.85e-04    2.252321e-02  -1.497263e+00

After 3 iterations the fit converged.
final sum of squares of residuals : 472.381
rel. change during last iteration : -3.2905e-07

degrees of freedom    (FIT_NDF)                        : 9997
rms of residuals      (FIT_STDFIT) = sqrt(WSSR/ndf)    : 0.217376
variance of residuals (reduced chisquare) = WSSR/ndf   : 0.0472523

Final set of parameters            Asymptotic Standard Error
=======================            ==========================
a               = 0.0225232        +/- 0.002179     (9.676%)
b               = -1.49726         +/- 0.03151      (2.105%)

correlation matrix of the fit parameters:
                a      b      
a               1.000 
b              -0.998  1.000 


*******************************************************************************
Sat Mar 13 11:41:38 2021


FIT:    data read from '3738.csv' u (log($4)):(log($5))
        format = x:z
        #datapoints = 4999
        residuals are weighted equally (unit weight)

function used for fitting: f(x)
	f(x) = a*x+b
fitted parameters initialized with current variable values

iter      chisq       delta/lim  lambda   a             b            
   0 3.4923603040e+02   0.00e+00  1.08e+00    2.252321e-02  -1.497263e+00
   3 3.3876513161e+02  -2.62e-03  1.08e-03   -4.086502e-03  -1.150716e+00

After 3 iterations the fit converged.
final sum of squares of residuals : 338.765
rel. change during last iteration : -2.62182e-08

degrees of freedom    (FIT_NDF)                        : 4997
rms of residuals      (FIT_STDFIT) = sqrt(WSSR/ndf)    : 0.260372
variance of residuals (reduced chisquare) = WSSR/ndf   : 0.0677937

Final set of parameters            Asymptotic Standard Error
=======================            ==========================
a               = -0.0040865       +/- 0.003699     (90.51%)
b               = -1.15072         +/- 0.05348      (4.648%)

correlation matrix of the fit parameters:
                a      b      
a               1.000 
b              -0.998  1.000 


*******************************************************************************
Sat Mar 13 11:42:01 2021


FIT:    data read from '3739.csv' u (log($4)):(log($5))
        format = x:z
        #datapoints = 4999
        residuals are weighted equally (unit weight)

function used for fitting: f(x)
	f(x) = a*x+b
fitted parameters initialized with current variable values

iter      chisq       delta/lim  lambda   a             b            
   0 8.8975997934e+02   0.00e+00  8.15e-01   -4.086502e-03  -1.150716e+00
   4 7.9134366051e+02  -8.98e-06  8.15e-05    6.704712e-02  -2.298000e+00

After 4 iterations the fit converged.
final sum of squares of residuals : 791.344
rel. change during last iteration : -8.97574e-11

degrees of freedom    (FIT_NDF)                        : 4997
rms of residuals      (FIT_STDFIT) = sqrt(WSSR/ndf)    : 0.397949
variance of residuals (reduced chisquare) = WSSR/ndf   : 0.158364

Final set of parameters            Asymptotic Standard Error
=======================            ==========================
a               = 0.0670471        +/- 0.005653     (8.432%)
b               = -2.298           +/- 0.08174      (3.557%)

correlation matrix of the fit parameters:
                a      b      
a               1.000 
b              -0.998  1.000 


*******************************************************************************
Sat Mar 13 11:42:18 2021


FIT:    data read from '3740.csv' u (log($4)):(log($5))
        format = x:z
        #datapoints = 313
        residuals are weighted equally (unit weight)

function used for fitting: f(x)
	f(x) = a*x+b
fitted parameters initialized with current variable values

iter      chisq       delta/lim  lambda   a             b            
   0 7.6921951507e+01   0.00e+00  1.72e+00    6.704712e-02  -2.298000e+00
   4 5.6535926910e+01  -5.54e-07  1.72e-04   -1.674888e-01   5.560504e-01

After 4 iterations the fit converged.
final sum of squares of residuals : 56.5359
rel. change during last iteration : -5.53532e-12

degrees of freedom    (FIT_NDF)                        : 311
rms of residuals      (FIT_STDFIT) = sqrt(WSSR/ndf)    : 0.426366
variance of residuals (reduced chisquare) = WSSR/ndf   : 0.181788

Final set of parameters            Asymptotic Standard Error
=======================            ==========================
a               = -0.167489        +/- 0.02497      (14.91%)
b               = 0.55605          +/- 0.2923       (52.58%)

correlation matrix of the fit parameters:
                a      b      
a               1.000 
b              -0.997  1.000 


*******************************************************************************
Sat Mar 13 11:45:33 2021


FIT:    data read from '3739.csv' u (log($4)):(log($5))
        format = x:z
        #datapoints = 4999
        residuals are weighted equally (unit weight)

function used for fitting: f(x)
	f(x) = a*x+b
fitted parameters initialized with current variable values

iter      chisq       delta/lim  lambda   a             b            
   0 2.4645145539e+03   0.00e+00  1.76e+00   -1.674888e-01   5.560504e-01
   3 7.9134366051e+02  -4.57e-02  1.76e-03    6.704711e-02  -2.298000e+00

After 3 iterations the fit converged.
final sum of squares of residuals : 791.344
rel. change during last iteration : -4.57344e-07

degrees of freedom    (FIT_NDF)                        : 4997
rms of residuals      (FIT_STDFIT) = sqrt(WSSR/ndf)    : 0.397949
variance of residuals (reduced chisquare) = WSSR/ndf   : 0.158364

Final set of parameters            Asymptotic Standard Error
=======================            ==========================
a               = 0.0670471        +/- 0.005653     (8.432%)
b               = -2.298           +/- 0.08174      (3.557%)

correlation matrix of the fit parameters:
                a      b      
a               1.000 
b              -0.998  1.000 


*******************************************************************************
Sat Mar 13 12:10:25 2021


FIT:    data read from '3739.csv' u (log($4)):(log($5))
        format = x:z
        #datapoints = 4999
        residuals are weighted equally (unit weight)

function used for fitting: f(x)
	f(x) = a*x+b
fitted parameters initialized with current variable values

iter      chisq       delta/lim  lambda   a             b            
   0 7.9134366051e+02   0.00e+00  1.76e+00    6.704711e-02  -2.298000e+00
   1 7.9134366051e+02  -8.62e-11  1.76e-01    6.704712e-02  -2.298000e+00

After 1 iterations the fit converged.
final sum of squares of residuals : 791.344
rel. change during last iteration : -8.61978e-16

degrees of freedom    (FIT_NDF)                        : 4997
rms of residuals      (FIT_STDFIT) = sqrt(WSSR/ndf)    : 0.397949
variance of residuals (reduced chisquare) = WSSR/ndf   : 0.158364

Final set of parameters            Asymptotic Standard Error
=======================            ==========================
a               = 0.0670471        +/- 0.005653     (8.432%)
b               = -2.298           +/- 0.08174      (3.557%)

correlation matrix of the fit parameters:
                a      b      
a               1.000 
b              -0.998  1.000 


*******************************************************************************
Sat Mar 13 12:42:11 2021


FIT:    data read from '3739.csv' u (log($4)):(log($5))
        format = x:z
        x range restricted to [6.00000 : 16.0000]
        #datapoints = 4999
        residuals are weighted equally (unit weight)

function used for fitting: f(x)
	f(x) = a*x+b
fitted parameters initialized with current variable values

iter      chisq       delta/lim  lambda   a             b            
   0 7.9134366051e+02   0.00e+00  1.76e+00    6.704712e-02  -2.298000e+00
   1 7.9134366051e+02   0.00e+00  1.76e-01    6.704712e-02  -2.298000e+00

After 1 iterations the fit converged.
final sum of squares of residuals : 791.344
rel. change during last iteration : 0

degrees of freedom    (FIT_NDF)                        : 4997
rms of residuals      (FIT_STDFIT) = sqrt(WSSR/ndf)    : 0.397949
variance of residuals (reduced chisquare) = WSSR/ndf   : 0.158364

Final set of parameters            Asymptotic Standard Error
=======================            ==========================
a               = 0.0670471        +/- 0.005653     (8.432%)
b               = -2.298           +/- 0.08174      (3.557%)

correlation matrix of the fit parameters:
                a      b      
a               1.000 
b              -0.998  1.000 


*******************************************************************************
Sat Mar 13 12:43:23 2021


FIT:    data read from '3738.csv' u (log($4)):(log($5))
        format = x:z
        x range restricted to [6.00000 : 16.0000]
        #datapoints = 4999
        residuals are weighted equally (unit weight)

function used for fitting: f(x)
	f(x) = a*x+b
fitted parameters initialized with current variable values

iter      chisq       delta/lim  lambda   a             b            
   0 4.3718145173e+02   0.00e+00  1.76e+00    6.704712e-02  -2.298000e+00
   3 3.3876513161e+02  -4.12e-04  1.76e-03   -4.086504e-03  -1.150716e+00

After 3 iterations the fit converged.
final sum of squares of residuals : 338.765
rel. change during last iteration : -4.11502e-09

degrees of freedom    (FIT_NDF)                        : 4997
rms of residuals      (FIT_STDFIT) = sqrt(WSSR/ndf)    : 0.260372
variance of residuals (reduced chisquare) = WSSR/ndf   : 0.0677937

Final set of parameters            Asymptotic Standard Error
=======================            ==========================
a               = -0.0040865       +/- 0.003699     (90.51%)
b               = -1.15072         +/- 0.05348      (4.648%)

correlation matrix of the fit parameters:
                a      b      
a               1.000 
b              -0.998  1.000 
